# JRE version: Java(TM) SE Runtime Environment (8.0_261-b12) (build 1.8.0_261-b12)
# Java VM: Java HotSpot(TM) 64-Bit Server VM (25.261-b12 mixed mode windows-amd64 compressed oops)
Heap:
 PSYoungGen      total 157696K, used 152046K [0x00000000f5580000, 0x00000000ffd80000, 0x0000000100000000)
  eden space 145408K, 99% used [0x00000000f5580000,0x00000000fe36ee48,0x00000000fe380000)
  from space 12288K, 54% used [0x00000000ff180000,0x00000000ff80cab0,0x00000000ffd80000)
  to   space 13312K, 39% used [0x00000000fe380000,0x00000000fe8b0030,0x00000000ff080000)
 ParOldGen       total 349696K, used 259047K [0x00000000e0000000, 0x00000000f5580000, 0x00000000f5580000)
  object space 349696K, 74% used [0x00000000e0000000,0x00000000efcf9d40,0x00000000f5580000)
 Metaspace       used 139150K, capacity 146206K, committed 146816K, reserved 1177600K
  class space    used 17927K, capacity 19288K, committed 19584K, reserved 1048576K
GC Heap History (10 events):
Event: 9814.119 GC heap after
Heap after GC invocations=91 (full 5):
 PSYoungGen      total 158208K, used 12128K [0x00000000f5580000, 0x0000000100000000, 0x0000000100000000)
  eden space 143872K, 0% used [0x00000000f5580000,0x00000000f5580000,0x00000000fe200000)
  from space 14336K, 84% used [0x00000000ff200000,0x00000000ffdd8318,0x0000000100000000)
  to   space 15360K, 0% used [0x00000000fe200000,0x00000000fe200000,0x00000000ff100000)
 ParOldGen       total 349696K, used 234804K [0x00000000e0000000, 0x00000000f5580000, 0x00000000f5580000)
  object space 349696K, 67% used [0x00000000e0000000,0x00000000ee54d1e0,0x00000000f5580000)
 Metaspace       used 139112K, capacity 146142K, committed 146816K, reserved 1177600K
  class space    used 17925K, capacity 19288K, committed 19584K, reserved 1048576K
}
Event: 9815.279 GC heap before
{Heap before GC invocations=92 (full 5):
 PSYoungGen      total 158208K, used 156000K [0x00000000f5580000, 0x0000000100000000, 0x0000000100000000)
  eden space 143872K, 100% used [0x00000000f5580000,0x00000000fe200000,0x00000000fe200000)
  from space 14336K, 84% used [0x00000000ff200000,0x00000000ffdd8318,0x0000000100000000)
  to   space 15360K, 0% used [0x00000000fe200000,0x00000000fe200000,0x00000000ff100000)
 ParOldGen       total 349696K, used 234804K [0x00000000e0000000, 0x00000000f5580000, 0x00000000f5580000)
  object space 349696K, 67% used [0x00000000e0000000,0x00000000ee54d1e0,0x00000000f5580000)
 Metaspace       used 139114K, capacity 146142K, committed 146816K, reserved 1177600K
  class space    used 17925K, capacity 19288K, committed 19584K, reserved 1048576K
Event: 9815.311 GC heap after
Heap after GC invocations=92 (full 5):
 PSYoungGen      total 159232K, used 3786K [0x00000000f5580000, 0x0000000100000000, 0x0000000100000000)
  eden space 143872K, 0% used [0x00000000f5580000,0x00000000f5580000,0x00000000fe200000)
  from space 15360K, 24% used [0x00000000fe200000,0x00000000fe5b2b38,0x00000000ff100000)
  to   space 15360K, 0% used [0x00000000ff100000,0x00000000ff100000,0x0000000100000000)
 ParOldGen       total 349696K, used 244434K [0x00000000e0000000, 0x00000000f5580000, 0x00000000f5580000)
  object space 349696K, 69% used [0x00000000e0000000,0x00000000eeeb49a0,0x00000000f5580000)
 Metaspace       used 139114K, capacity 146142K, committed 146816K, reserved 1177600K
  class space    used 17925K, capacity 19288K, committed 19584K, reserved 1048576K
}
Event: 9816.602 GC heap before
{Heap before GC invocations=93 (full 5):
 PSYoungGen      total 159232K, used 147658K [0x00000000f5580000, 0x0000000100000000, 0x0000000100000000)
  eden space 143872K, 100% used [0x00000000f5580000,0x00000000fe200000,0x00000000fe200000)
  from space 15360K, 24% used [0x00000000fe200000,0x00000000fe5b2b38,0x00000000ff100000)
  to   space 15360K, 0% used [0x00000000ff100000,0x00000000ff100000,0x0000000100000000)
 ParOldGen       total 349696K, used 244434K [0x00000000e0000000, 0x00000000f5580000, 0x00000000f5580000)
  object space 349696K, 69% used [0x00000000e0000000,0x00000000eeeb49a0,0x00000000f5580000)
 Metaspace       used 139123K, capacity 146142K, committed 146816K, reserved 1177600K
  class space    used 17926K, capacity 19288K, committed 19584K, reserved 1048576K
Event: 9816.643 GC heap after
Heap after GC invocations=93 (full 5):
 PSYoungGen      total 158208K, used 5681K [0x00000000f5580000, 0x00000000fff00000, 0x0000000100000000)
  eden space 143872K, 0% used [0x00000000f5580000,0x00000000f5580000,0x00000000fe200000)
  from space 14336K, 39% used [0x00000000ff100000,0x00000000ff68c7f0,0x00000000fff00000)
  to   space 14848K, 0% used [0x00000000fe200000,0x00000000fe200000,0x00000000ff080000)
 ParOldGen       total 349696K, used 247791K [0x00000000e0000000, 0x00000000f5580000, 0x00000000f5580000)
  object space 349696K, 70% used [0x00000000e0000000,0x00000000ef1fbeb8,0x00000000f5580000)
 Metaspace       used 139123K, capacity 146142K, committed 146816K, reserved 1177600K
  class space    used 17926K, capacity 19288K, committed 19584K, reserved 1048576K
}
Event: 9817.716 GC heap before
{Heap before GC invocations=94 (full 5):
 PSYoungGen      total 158208K, used 149553K [0x00000000f5580000, 0x00000000fff00000, 0x0000000100000000)
  eden space 143872K, 100% used [0x00000000f5580000,0x00000000fe200000,0x00000000fe200000)
  from space 14336K, 39% used [0x00000000ff100000,0x00000000ff68c7f0,0x00000000fff00000)
  to   space 14848K, 0% used [0x00000000fe200000,0x00000000fe200000,0x00000000ff080000)
 ParOldGen       total 349696K, used 247791K [0x00000000e0000000, 0x00000000f5580000, 0x00000000f5580000)
  object space 349696K, 70% used [0x00000000e0000000,0x00000000ef1fbeb8,0x00000000f5580000)
 Metaspace       used 139131K, capacity 146142K, committed 146816K, reserved 1177600K
  class space    used 17926K, capacity 19288K, committed 19584K, reserved 1048576K
Event: 9817.745 GC heap after
Heap after GC invocations=94 (full 5):
 PSYoungGen      total 158720K, used 6397K [0x00000000f5580000, 0x00000000fff80000, 0x0000000100000000)
  eden space 143872K, 0% used [0x00000000f5580000,0x00000000f5580000,0x00000000fe200000)
  from space 14848K, 43% used [0x00000000fe200000,0x00000000fe83f598,0x00000000ff080000)
  to   space 14336K, 0% used [0x00000000ff180000,0x00000000ff180000,0x00000000fff80000)
 ParOldGen       total 349696K, used 251393K [0x00000000e0000000, 0x00000000f5580000, 0x00000000f5580000)
  object space 349696K, 71% used [0x00000000e0000000,0x00000000ef580500,0x00000000f5580000)
 Metaspace       used 139131K, capacity 146142K, committed 146816K, reserved 1177600K
  class space    used 17926K, capacity 19288K, committed 19584K, reserved 1048576K
}
Event: 9818.718 GC heap before
{Heap before GC invocations=95 (full 5):
 PSYoungGen      total 158720K, used 150269K [0x00000000f5580000, 0x00000000fff80000, 0x0000000100000000)
  eden space 143872K, 100% used [0x00000000f5580000,0x00000000fe200000,0x00000000fe200000)
  from space 14848K, 43% used [0x00000000fe200000,0x00000000fe83f598,0x00000000ff080000)
  to   space 14336K, 0% used [0x00000000ff180000,0x00000000ff180000,0x00000000fff80000)
 ParOldGen       total 349696K, used 251393K [0x00000000e0000000, 0x00000000f5580000, 0x00000000f5580000)
  object space 349696K, 71% used [0x00000000e0000000,0x00000000ef580500,0x00000000f5580000)
 Metaspace       used 139141K, capacity 146142K, committed 146816K, reserved 1177600K
  class space    used 17927K, capacity 19288K, committed 19584K, reserved 1048576K
Event: 9818.750 GC heap after
Heap after GC invocations=95 (full 5):
 PSYoungGen      total 157696K, used 6706K [0x00000000f5580000, 0x00000000ffd80000, 0x0000000100000000)
  eden space 145408K, 0% used [0x00000000f5580000,0x00000000f5580000,0x00000000fe380000)
  from space 12288K, 54% used [0x00000000ff180000,0x00000000ff80cab0,0x00000000ffd80000)
  to   space 13312K, 0% used [0x00000000fe380000,0x00000000fe380000,0x00000000ff080000)
 ParOldGen       total 349696K, used 255238K [0x00000000e0000000, 0x00000000f5580000, 0x00000000f5580000)
  object space 349696K, 72% used [0x00000000e0000000,0x00000000ef941808,0x00000000f5580000)
 Metaspace       used 139141K, capacity 146142K, committed 146816K, reserved 1177600K
  class space    used 17927K, capacity 19288K, committed 19584K, reserved 1048576K
}
Event: 9819.730 GC heap before
{Heap before GC invocations=96 (full 5):
 PSYoungGen      total 157696K, used 152046K [0x00000000f5580000, 0x00000000ffd80000, 0x0000000100000000)
  eden space 145408K, 99% used [0x00000000f5580000,0x00000000fe36ee48,0x00000000fe380000)
  from space 12288K, 54% used [0x00000000ff180000,0x00000000ff80cab0,0x00000000ffd80000)
  to   space 13312K, 0% used [0x00000000fe380000,0x00000000fe380000,0x00000000ff080000)
 ParOldGen       total 349696K, used 255238K [0x00000000e0000000, 0x00000000f5580000, 0x00000000f5580000)
  object space 349696K, 72% used [0x00000000e0000000,0x00000000ef941808,0x00000000f5580000)
 Metaspace       used 139150K, capacity 146206K, committed 146816K, reserved 1177600K
  class space    used 17927K, capacity 19288K, committed 19584K, reserved 1048576K

